{"/Users/santiagovelosa/Desktop/Microverse/Testing-Practice/calculator.js": {"path":"/Users/santiagovelosa/Desktop/Microverse/Testing-Practice/calculator.js","statementMap":{"0":{"start":{"line":3,"column":4},"end":{"line":3,"column":15}},"1":{"start":{"line":4,"column":4},"end":{"line":4,"column":15}},"2":{"start":{"line":8,"column":4},"end":{"line":8,"column":27}},"3":{"start":{"line":12,"column":4},"end":{"line":12,"column":27}},"4":{"start":{"line":16,"column":4},"end":{"line":16,"column":27}},"5":{"start":{"line":20,"column":4},"end":{"line":20,"column":27}},"6":{"start":{"line":24,"column":0},"end":{"line":24,"column":32}}},"fnMap":{"0":{"name":"(anonymous_0)","decl":{"start":{"line":2,"column":2},"end":{"line":2,"column":3}},"loc":{"start":{"line":2,"column":20},"end":{"line":5,"column":3}},"line":2},"1":{"name":"(anonymous_1)","decl":{"start":{"line":7,"column":2},"end":{"line":7,"column":3}},"loc":{"start":{"line":7,"column":8},"end":{"line":9,"column":3}},"line":7},"2":{"name":"(anonymous_2)","decl":{"start":{"line":11,"column":2},"end":{"line":11,"column":3}},"loc":{"start":{"line":11,"column":14},"end":{"line":13,"column":3}},"line":11},"3":{"name":"(anonymous_3)","decl":{"start":{"line":15,"column":2},"end":{"line":15,"column":3}},"loc":{"start":{"line":15,"column":11},"end":{"line":17,"column":3}},"line":15},"4":{"name":"(anonymous_4)","decl":{"start":{"line":19,"column":2},"end":{"line":19,"column":3}},"loc":{"start":{"line":19,"column":13},"end":{"line":21,"column":3}},"line":19}},"branchMap":{},"s":{"0":12,"1":12,"2":3,"3":3,"4":3,"5":3,"6":1},"f":{"0":12,"1":3,"2":3,"3":3,"4":3},"b":{},"_coverageSchema":"1a1c01bbd47fc00a2c39e90264f33305004495a9","hash":"94099bde4456509e85dc454770bd01d723d3641d"}
,"/Users/santiagovelosa/Desktop/Microverse/Testing-Practice/reverseString.js": {"path":"/Users/santiagovelosa/Desktop/Microverse/Testing-Practice/reverseString.js","statementMap":{"0":{"start":{"line":2,"column":2},"end":{"line":2,"column":51}},"1":{"start":{"line":3,"column":2},"end":{"line":3,"column":45}},"2":{"start":{"line":6,"column":0},"end":{"line":6,"column":23}},"3":{"start":{"line":8,"column":0},"end":{"line":8,"column":31}}},"fnMap":{"0":{"name":"reverseString","decl":{"start":{"line":1,"column":9},"end":{"line":1,"column":22}},"loc":{"start":{"line":1,"column":31},"end":{"line":4,"column":1}},"line":1}},"branchMap":{},"s":{"0":2,"1":2,"2":1,"3":1},"f":{"0":2},"b":{},"_coverageSchema":"1a1c01bbd47fc00a2c39e90264f33305004495a9","hash":"439a82492041e14da069c11a9524580c74eb8036"}
,"/Users/santiagovelosa/Desktop/Microverse/Testing-Practice/stringLength.js": {"path":"/Users/santiagovelosa/Desktop/Microverse/Testing-Practice/stringLength.js","statementMap":{"0":{"start":{"line":2,"column":15},"end":{"line":2,"column":28}},"1":{"start":{"line":3,"column":2},"end":{"line":5,"column":3}},"2":{"start":{"line":4,"column":4},"end":{"line":4,"column":19}},"3":{"start":{"line":6,"column":2},"end":{"line":6,"column":16}},"4":{"start":{"line":9,"column":0},"end":{"line":9,"column":30}}},"fnMap":{"0":{"name":"stringLength","decl":{"start":{"line":1,"column":9},"end":{"line":1,"column":21}},"loc":{"start":{"line":1,"column":30},"end":{"line":7,"column":1}},"line":1}},"branchMap":{"0":{"loc":{"start":{"line":3,"column":2},"end":{"line":5,"column":3}},"type":"if","locations":[{"start":{"line":3,"column":2},"end":{"line":5,"column":3}},{"start":{},"end":{}}],"line":3},"1":{"loc":{"start":{"line":3,"column":6},"end":{"line":3,"column":31}},"type":"binary-expr","locations":[{"start":{"line":3,"column":6},"end":{"line":3,"column":16}},{"start":{"line":3,"column":20},"end":{"line":3,"column":31}}],"line":3}},"s":{"0":3,"1":3,"2":2,"3":1,"4":1},"f":{"0":3},"b":{"0":[2,1],"1":[3,2]},"_coverageSchema":"1a1c01bbd47fc00a2c39e90264f33305004495a9","hash":"21a9367b2bd40228018e57fdd2676f86364cabc4"}
}
